<?xml version="1.0" encoding="UTF-8"?>
<robot generator="Robot 4.0.3 (Python 3.7.2 on darwin)" generated="20210709 13:47:15.694" rpa="false" schemaversion="2">
<suite id="s1" name="Contact Scenarios" source="/Users/anna/Documents/repos/python_training/rf/contact_scenarios.robot">
<kw name="Init Fixtures" library="AddressBook" type="SETUP">
<status status="PASS" starttime="20210709 13:47:16.052" endtime="20210709 13:47:26.129"/>
</kw>
<test id="s1-t1" name="Add new contact">
<kw name="Get Contact List" library="AddressBook">
<var>${old_list}</var>
<msg timestamp="20210709 13:47:26.141" level="INFO">${old_list} = [255:  Name, 256: lasttest1 firsttest1, 257: lasttest1 firsttest1, 258: lastname1 firstname1, 259: lastname1 firstname1, 260: lastname2 firstname2, 262: lastname1 firstname1, 263: lastname1 firstname1...</msg>
<status status="PASS" starttime="20210709 13:47:26.134" endtime="20210709 13:47:26.141"/>
</kw>
<kw name="New Contact" library="AddressBook">
<var>${contact}</var>
<arg>firstname1</arg>
<arg>middlename1</arg>
<arg>lastname1</arg>
<msg timestamp="20210709 13:47:26.143" level="INFO">${contact} = None: lastname1 firstname1</msg>
<status status="PASS" starttime="20210709 13:47:26.142" endtime="20210709 13:47:26.143"/>
</kw>
<kw name="Create Contact" library="AddressBook">
<arg>${contact}</arg>
<status status="PASS" starttime="20210709 13:47:26.144" endtime="20210709 13:47:29.583"/>
</kw>
<kw name="Get Contact List" library="AddressBook">
<var>${new_list}</var>
<msg timestamp="20210709 13:47:29.585" level="INFO">${new_list} = [255:  Name, 256: lasttest1 firsttest1, 257: lasttest1 firsttest1, 258: lastname1 firstname1, 259: lastname1 firstname1, 260: lastname2 firstname2, 262: lastname1 firstname1, 263: lastname1 firstname1...</msg>
<status status="PASS" starttime="20210709 13:47:29.584" endtime="20210709 13:47:29.585"/>
</kw>
<kw name="Append To List" library="Collections">
<arg>${old_list}</arg>
<arg>${contact}</arg>
<doc>Adds ``values`` to the end of ``list``.</doc>
<status status="PASS" starttime="20210709 13:47:29.586" endtime="20210709 13:47:29.587"/>
</kw>
<kw name="Lists Should Be Equal" library="AddressBook">
<arg>${new_list}</arg>
<arg>${old_list}</arg>
<status status="PASS" starttime="20210709 13:47:29.588" endtime="20210709 13:47:29.589"/>
</kw>
<status status="PASS" starttime="20210709 13:47:26.130" endtime="20210709 13:47:29.590"/>
</test>
<test id="s1-t2" name="Delete contact">
<kw name="Get Contact List" library="AddressBook">
<var>${old_list}</var>
<msg timestamp="20210709 13:47:29.593" level="INFO">${old_list} = [255:  Name, 256: lasttest1 firsttest1, 257: lasttest1 firsttest1, 258: lastname1 firstname1, 259: lastname1 firstname1, 260: lastname2 firstname2, 262: lastname1 firstname1, 263: lastname1 firstname1...</msg>
<status status="PASS" starttime="20210709 13:47:29.591" endtime="20210709 13:47:29.593"/>
</kw>
<kw name="Get Length" library="BuiltIn">
<var>${len}</var>
<arg>${old_list}</arg>
<doc>Returns and logs the length of the given item as an integer.</doc>
<msg timestamp="20210709 13:47:29.594" level="INFO">Length is 10</msg>
<msg timestamp="20210709 13:47:29.594" level="INFO">${len} = 10</msg>
<status status="PASS" starttime="20210709 13:47:29.593" endtime="20210709 13:47:29.594"/>
</kw>
<kw name="Evaluate" library="BuiltIn">
<var>${index}</var>
<arg>random.randrange(${len})</arg>
<arg>random</arg>
<doc>Evaluates the given expression in Python and returns the result.</doc>
<msg timestamp="20210709 13:47:29.596" level="INFO">${index} = 4</msg>
<status status="PASS" starttime="20210709 13:47:29.595" endtime="20210709 13:47:29.596"/>
</kw>
<kw name="Get From List" library="Collections">
<var>${contact}</var>
<arg>${old_list}</arg>
<arg>${index}</arg>
<doc>Returns the value specified with an ``index`` from ``list``.</doc>
<msg timestamp="20210709 13:47:29.597" level="INFO">${contact} = 259: lastname1 firstname1</msg>
<status status="PASS" starttime="20210709 13:47:29.596" endtime="20210709 13:47:29.597"/>
</kw>
<kw name="Delete Contact" library="AddressBook">
<arg>${contact}</arg>
<status status="PASS" starttime="20210709 13:47:29.597" endtime="20210709 13:47:30.045"/>
</kw>
<kw name="Get Contact List" library="AddressBook">
<var>${new_list}</var>
<msg timestamp="20210709 13:47:30.047" level="INFO">${new_list} = [255:  Name, 256: lasttest1 firsttest1, 257: lasttest1 firsttest1, 258: lastname1 firstname1, 260: lastname2 firstname2, 262: lastname1 firstname1, 263: lastname1 firstname1, 266: lastname1 firstname1...</msg>
<status status="PASS" starttime="20210709 13:47:30.046" endtime="20210709 13:47:30.047"/>
</kw>
<kw name="Remove Values From List" library="Collections">
<arg>${old_list}</arg>
<arg>${contact}</arg>
<doc>Removes all occurrences of given ``values`` from ``list``.</doc>
<status status="PASS" starttime="20210709 13:47:30.048" endtime="20210709 13:47:30.048"/>
</kw>
<kw name="Lists Should Be Equal" library="AddressBook">
<arg>${new_list}</arg>
<arg>${old_list}</arg>
<status status="PASS" starttime="20210709 13:47:30.048" endtime="20210709 13:47:30.049"/>
</kw>
<status status="PASS" starttime="20210709 13:47:29.590" endtime="20210709 13:47:30.049"/>
</test>
<test id="s1-t3" name="Modify contact">
<kw name="Get Contact List" library="AddressBook">
<var>${old_list}</var>
<msg timestamp="20210709 13:47:30.052" level="INFO">${old_list} = [255:  Name, 256: lasttest1 firsttest1, 257: lasttest1 firsttest1, 258: lastname1 firstname1, 260: lastname2 firstname2, 262: lastname1 firstname1, 263: lastname1 firstname1, 266: lastname1 firstname1...</msg>
<status status="PASS" starttime="20210709 13:47:30.050" endtime="20210709 13:47:30.052"/>
</kw>
<kw name="Get Length" library="BuiltIn">
<var>${len}</var>
<arg>${old_list}</arg>
<doc>Returns and logs the length of the given item as an integer.</doc>
<msg timestamp="20210709 13:47:30.053" level="INFO">Length is 9</msg>
<msg timestamp="20210709 13:47:30.053" level="INFO">${len} = 9</msg>
<status status="PASS" starttime="20210709 13:47:30.052" endtime="20210709 13:47:30.053"/>
</kw>
<kw name="Evaluate" library="BuiltIn">
<var>${index}</var>
<arg>random.randrange(${len})</arg>
<arg>random</arg>
<doc>Evaluates the given expression in Python and returns the result.</doc>
<msg timestamp="20210709 13:47:30.054" level="INFO">${index} = 8</msg>
<status status="PASS" starttime="20210709 13:47:30.053" endtime="20210709 13:47:30.054"/>
</kw>
<kw name="Get From List" library="Collections">
<var>${contact}</var>
<arg>${old_list}</arg>
<arg>${index}</arg>
<doc>Returns the value specified with an ``index`` from ``list``.</doc>
<msg timestamp="20210709 13:47:30.056" level="INFO">${contact} = 267: lastname1 firstname1</msg>
<status status="PASS" starttime="20210709 13:47:30.055" endtime="20210709 13:47:30.056"/>
</kw>
<kw name="New Contact" library="AddressBook">
<var>${new_contact}</var>
<arg>firstname1</arg>
<arg>middlename1</arg>
<arg>lastname1</arg>
<msg timestamp="20210709 13:47:30.057" level="INFO">${new_contact} = None: lastname1 firstname1</msg>
<status status="PASS" starttime="20210709 13:47:30.056" endtime="20210709 13:47:30.057"/>
</kw>
<kw name="Modify Contact" library="AddressBook">
<arg>${contact}</arg>
<arg>${new_contact}</arg>
<status status="PASS" starttime="20210709 13:47:30.057" endtime="20210709 13:47:35.892"/>
</kw>
<kw name="Get Contact List" library="AddressBook">
<var>${new_list}</var>
<msg timestamp="20210709 13:47:35.895" level="INFO">${new_list} = [255:  Name, 256: lasttest1 firsttest1, 257: lasttest1 firsttest1, 258: lastname1 firstname1, 260: lastname2 firstname2, 262: lastname1 firstname1, 263: lastname1 firstname1, 266: lastname1 firstname1...</msg>
<status status="PASS" starttime="20210709 13:47:35.893" endtime="20210709 13:47:35.895"/>
</kw>
<kw name="Set List Value" library="Collections">
<arg>${old_list}</arg>
<arg>${index}</arg>
<arg>${new_contact}</arg>
<doc>Sets the value of ``list`` specified by ``index`` to the given ``value``.</doc>
<status status="PASS" starttime="20210709 13:47:35.895" endtime="20210709 13:47:35.896"/>
</kw>
<kw name="Lists Should Be Equal" library="AddressBook">
<arg>${new_list}</arg>
<arg>${old_list}</arg>
<status status="PASS" starttime="20210709 13:47:35.896" endtime="20210709 13:47:35.897"/>
</kw>
<status status="PASS" starttime="20210709 13:47:30.050" endtime="20210709 13:47:35.897"/>
</test>
<kw name="Destroy Fixtures" library="AddressBook" type="TEARDOWN">
<status status="PASS" starttime="20210709 13:47:35.903" endtime="20210709 13:47:36.016"/>
</kw>
<status status="PASS" starttime="20210709 13:47:15.698" endtime="20210709 13:47:36.016"/>
</suite>
<statistics>
<total>
<stat pass="3" fail="0" skip="0">All Tests</stat>
</total>
<tag>
</tag>
<suite>
<stat pass="3" fail="0" skip="0" id="s1" name="Contact Scenarios">Contact Scenarios</stat>
</suite>
</statistics>
<errors>
</errors>
</robot>
